Log file open, 04/02/17 21:02:26
LogInit:Display: Running engine for game: HP1
LogPlatformFile: Not using cached read wrapper
LogInit:Display: RandInit(1211824002) SRandInit(1211824002).
LogTaskGraph: Started task graph with 5 named threads and 8 total threads with 1 sets of task threads.
LogStats: Stats thread started at 0.070291
LogInit: Using libcurl 7.47.1
LogInit:  - built for x86_64-pc-win32
LogInit:  - supports SSL with OpenSSL/1.0.2g
LogInit:  - supports HTTP deflate (compression) using libz 1.2.8
LogInit:  - other features:
LogInit:      CURL_VERSION_SSL
LogInit:      CURL_VERSION_LIBZ
LogInit:      CURL_VERSION_IPV6
LogInit:      CURL_VERSION_ASYNCHDNS
LogInit:      CURL_VERSION_LARGEFILE
LogInit:      CURL_VERSION_IDN
LogInit:  CurlRequestOptions (configurable via config and command line):
LogInit:  - bVerifyPeer = false  - Libcurl will NOT verify peer certificate
LogInit:  - bUseHttpProxy = false  - Libcurl will NOT use HTTP proxy
LogInit:  - bDontReuseConnections = false  - Libcurl will reuse connections
LogInit:  - CertBundlePath = nullptr  - Libcurl will use whatever was configured at build time.
LogInit: Build: ++UE4+Release-4.15-CL-3348071
LogInit: Engine Version: 4.15.1-3348071+++UE4+Release-4.15
LogInit: Compatible Engine Version: 4.15.0-3299760+++UE4+Release-4.15
LogInit: Net CL: 3299760
LogDevObjectVersion: Number of dev versions registered: 14
LogDevObjectVersion:   Dev-Blueprints (B0D832E4-1F89-4F0D-ACCF-7EB736FD4AA2): 8
LogDevObjectVersion:   Dev-Build (E1C64328-A22C-4D53-A36C-8E866417BD8C): 0
LogDevObjectVersion:   Dev-Core (375EC13C-06E4-48FB-B500-84F0262A717E): 2
LogDevObjectVersion:   Dev-Editor (E4B068ED-F494-42E9-A231-DA0B2E46BB41): 14
LogDevObjectVersion:   Dev-Framework (CFFC743F-43B0-4480-9391-14DF171D2073): 22
LogDevObjectVersion:   Dev-Mobile (B02B49B5-BB20-44E9-A304-32B752E40360): 0
LogDevObjectVersion:   Dev-Networking (A4E4105C-59A1-49B5-A7C5-40C4547EDFEE): 0
LogDevObjectVersion:   Dev-Online (39C831C9-5AE6-47DC-9A44-9C173E1C8E7C): 0
LogDevObjectVersion:   Dev-Physics (78F01B33-EBEA-4F98-B9B4-84EACCB95AA2): 0
LogDevObjectVersion:   Dev-Platform (6631380F-2D4D-43E0-8009-CF276956A95A): 0
LogDevObjectVersion:   Dev-Rendering (12F88B9F-8875-4AFC-A67C-D90C383ABD29): 12
LogDevObjectVersion:   Dev-Sequencer (7B5AE74C-D270-4C10-A958-57980B212A5A): 3
LogDevObjectVersion:   Dev-VR (D7296918-1DD6-4BDD-9DE2-64A83CC13884): 0
LogDevObjectVersion:   Dev-LoadTimes (C2A15278-BFE7-4AFE-6C17-90FF531DF755): 1
LogInit: Compiled (64-bit): Mar 15 2017 16:52:47
LogInit: Compiled with Visual C++: 19.00.23026.00
LogInit: Build Configuration: Development
LogInit: Branch Name: ++UE4+Release-4.15
LogInit: Command line:  
LogInit: Base directory: C:/Program Files/Epic Games/UE_4.15/Engine/Binaries/Win64/
LogInit: Installed Engine Build: 1
LogInit: Presizing for max 8388607 objects, including 0 objects not considered by GC, pre-allocating 0 bytes for permanent pool.
LogInit: Object subsystem initialized
[2017.04.02-20.02.27:003][  0]LogInit: Selected Device Profile: [Windows]
[2017.04.02-20.02.27:003][  0]LogInit: Applying CVar settings loaded from the selected device profile: [Windows]
[2017.04.02-20.02.27:038][  0]LogInit: Computer: DESKTOP-CD1LHSK
[2017.04.02-20.02.27:038][  0]LogInit: User: Teeling
[2017.04.02-20.02.27:038][  0]LogInit: CPU Page size=65536, Cores=4
[2017.04.02-20.02.27:038][  0]LogInit: High frequency timer resolution =3.914067 MHz
[2017.04.02-20.02.27:038][  0]LogMemory: Memory total: Physical=15.9GB (16GB approx)
[2017.04.02-20.02.27:038][  0]LogMemory: Platform Memory Stats for Windows
[2017.04.02-20.02.27:038][  0]LogMemory: Process Physical Memory: 263.56 MB used, 263.56 MB peak
[2017.04.02-20.02.27:038][  0]LogMemory: Process Virtual Memory: 262.64 MB used, 262.64 MB peak
[2017.04.02-20.02.27:038][  0]LogMemory: Physical Memory: 4710.57 MB used,  11590.05 MB free, 16300.62 MB total
[2017.04.02-20.02.27:038][  0]LogMemory: Virtual Memory: 645.13 MB used,  11590.05 MB free, 134217728.00 MB total
[2017.04.02-20.02.27:144][  0]LogTextLocalizationManager: No specific translations for ('en-GB') exist, so ('en') translations will be used.
[2017.04.02-20.02.28:868][  0]LogD3D11RHI: D3D11 adapters:
[2017.04.02-20.02.29:278][  0]LogD3D11RHI:    0. 'NVIDIA GeForce GTX 970' (Feature Level 11_0)
[2017.04.02-20.02.29:278][  0]LogD3D11RHI:       4058/0/8150 MB DedicatedVideo/DedicatedSystem/SharedSystem, Outputs:1, VendorId:0x10de
[2017.04.02-20.02.29:279][  0]LogD3D11RHI:    1. 'Microsoft Basic Render Driver' (Feature Level 11_0)
[2017.04.02-20.02.29:279][  0]LogD3D11RHI:       0/0/8150 MB DedicatedVideo/DedicatedSystem/SharedSystem, Outputs:0, VendorId:0x1414
[2017.04.02-20.02.29:279][  0]LogD3D11RHI: Chosen D3D11 Adapter: 0
[2017.04.02-20.02.29:282][  0]LogD3D11RHI: Creating new Direct3DDevice
[2017.04.02-20.02.29:282][  0]LogD3D11RHI:     GPU DeviceId: 0x13c2 (for the marketing name, search the web for "GPU Device Id")
[2017.04.02-20.02.29:282][  0]LogWindows: EnumDisplayDevices:
[2017.04.02-20.02.29:282][  0]LogWindows:    0. 'NVIDIA GeForce GTX 970' (P:1 D:1)
[2017.04.02-20.02.29:283][  0]LogWindows:    1. 'NVIDIA GeForce GTX 970' (P:0 D:0)
[2017.04.02-20.02.29:283][  0]LogWindows:    2. 'NVIDIA GeForce GTX 970' (P:0 D:0)
[2017.04.02-20.02.29:283][  0]LogWindows:    3. 'NVIDIA GeForce GTX 970' (P:0 D:0)
[2017.04.02-20.02.29:283][  0]LogWindows: DebugString: FoundDriverCount:4 
[2017.04.02-20.02.29:283][  0]LogD3D11RHI:     Adapter Name: NVIDIA GeForce GTX 970
[2017.04.02-20.02.29:283][  0]LogD3D11RHI:   Driver Version: 376.53 (internal:21.21.13.7653, unified:376.53)
[2017.04.02-20.02.29:283][  0]LogD3D11RHI:      Driver Date: 12-29-2016
[2017.04.02-20.02.29:283][  0]LogRHI: Texture pool is 1361 MB (70% of 1945 MB)
[2017.04.02-20.02.29:682][  0]LogD3D11RHI: Async texture creation enabled
[2017.04.02-20.02.29:842][  0]LogD3D11RHI: GPU Timing Frequency: 1000.000000 (Debug: 2 1)
[2017.04.02-20.02.29:892][  0]LogShaderCompilers: Guid format shader working directory is 20 characters bigger than the processId version (D:/UnrealProjects/HPProject/Intermediate/Shaders/WorkingDirectory/10056/).
[2017.04.02-20.02.29:892][  0]LogShaderCompilers: Cleaned the shader compiler working directory 'C:/Users/Teeling/AppData/Local/Temp/UnrealShaderWorkingDir/B9C3F5EE417E2DB719FA83A55D085901/'.
[2017.04.02-20.02.29:892][  0]LogShaderCompilers:Display: Using Local Shader Compiler.
[2017.04.02-20.02.31:404][  0]LogTemp:Display: Loaded TP AllDesktopTargetPlatform
[2017.04.02-20.02.31:448][  0]LogTemp:Display: Loaded TP MacClientTargetPlatform
[2017.04.02-20.02.31:489][  0]LogTemp:Display: Loaded TP MacNoEditorTargetPlatform
[2017.04.02-20.02.31:533][  0]LogTemp:Display: Loaded TP MacServerTargetPlatform
[2017.04.02-20.02.31:577][  0]LogTemp:Display: Loaded TP MacTargetPlatform
[2017.04.02-20.02.31:617][  0]LogTemp:Display: Loaded TP WindowsClientTargetPlatform
[2017.04.02-20.02.31:657][  0]LogTemp:Display: Loaded TP WindowsNoEditorTargetPlatform
[2017.04.02-20.02.31:700][  0]LogTemp:Display: Loaded TP WindowsServerTargetPlatform
[2017.04.02-20.02.31:734][  0]LogTemp:Display: Loaded TP WindowsTargetPlatform
[2017.04.02-20.02.31:775][  0]LogTemp:Display: Loaded TP AndroidTargetPlatform
[2017.04.02-20.02.31:813][  0]LogTemp:Display: Loaded TP Android_ASTCTargetPlatform
[2017.04.02-20.02.31:852][  0]LogTemp:Display: Loaded TP Android_ATCTargetPlatform
[2017.04.02-20.02.31:891][  0]LogTemp:Display: Loaded TP Android_DXTTargetPlatform
[2017.04.02-20.02.31:932][  0]LogTemp:Display: Loaded TP Android_ETC1TargetPlatform
[2017.04.02-20.02.31:971][  0]LogTemp:Display: Loaded TP Android_ETC2TargetPlatform
[2017.04.02-20.02.32:050][  0]LogTemp:Display: Loaded TP Android_MultiTargetPlatform
[2017.04.02-20.02.32:050][  0]LogTemp:Display: Loaded TP Android_PVRTCTargetPlatform
[2017.04.02-20.02.32:078][  0]LogTemp:Display: Loaded TP HTML5TargetPlatform
[2017.04.02-20.02.32:159][  0]LogTemp:Display: Loaded TP IOSTargetPlatform
[2017.04.02-20.02.32:185][  0]LogTemp:Display: Loaded TP TVOSTargetPlatform
[2017.04.02-20.02.32:224][  0]LogTemp:Display: Loaded TP LinuxClientTargetPlatform
[2017.04.02-20.02.32:263][  0]LogTemp:Display: Loaded TP LinuxNoEditorTargetPlatform
[2017.04.02-20.02.32:301][  0]LogTemp:Display: Loaded TP LinuxServerTargetPlatform
[2017.04.02-20.02.32:345][  0]LogTemp:Display: Loaded TP LinuxTargetPlatform
[2017.04.02-20.02.32:345][  0]LogTargetPlatformManager:Display: Building Assets For Windows
[2017.04.02-20.02.32:675][  0]LogDerivedDataCache:Display: Max Cache Size: 512 MB
[2017.04.02-20.02.32:859][  0]LogDerivedDataCache: Loaded boot cache 0.18s 51MB C:/Users/Teeling/AppData/Local/UnrealEngine/4.15/DerivedDataCache/Boot.ddc.
[2017.04.02-20.02.32:859][  0]LogDerivedDataCache:Display: Loaded Boot cache: C:/Users/Teeling/AppData/Local/UnrealEngine/4.15/DerivedDataCache/Boot.ddc
[2017.04.02-20.02.32:859][  0]LogDerivedDataCache: FDerivedDataBackendGraph:  Pak pak cache file D:/UnrealProjects/HPProject/DerivedDataCache/DDC.ddp not found, will not use a pak cache.
[2017.04.02-20.02.32:859][  0]LogDerivedDataCache: Unable to find inner node Pak for hierarchical cache Hierarchy.
[2017.04.02-20.02.32:859][  0]LogDerivedDataCache: FDerivedDataBackendGraph:  CompressedPak pak cache file D:/UnrealProjects/HPProject/DerivedDataCache/Compressed.ddp not found, will not use a pak cache.
[2017.04.02-20.02.32:859][  0]LogDerivedDataCache: Unable to find inner node CompressedPak for hierarchical cache Hierarchy.
[2017.04.02-20.02.32:874][  0]LogDerivedDataCache:Display: Pak cache opened for reading ../../../Engine/DerivedDataCache/Compressed.ddp.
[2017.04.02-20.02.32:886][  0]LogDerivedDataCache: Using Local data cache path C:/Users/Teeling/AppData/Local/UnrealEngine/Common/DerivedDataCache: Writable
[2017.04.02-20.02.32:893][  0]LogSlate: Using Freetype 2.6.0
[2017.04.02-20.02.32:901][  0]LogSlate: SlateFontCache - WITH_FREETYPE: 1, WITH_HARFBUZZ: 1
[2017.04.02-20.02.32:901][  0]LogSlate: SlateFontCache - WITH_FREETYPE: 1, WITH_HARFBUZZ: 1
[2017.04.02-20.02.33:917][  0]LogInit: Selected Device Profile: [Windows]
[2017.04.02-20.02.33:920][  0]LogContentStreaming: Texture pool size is 0.00 MB
[2017.04.02-20.02.34:078][  0]LogMeshUtilities: Using QuadricMeshReduction for automatic static mesh reduction
[2017.04.02-20.02.34:112][  0]LogSimplygon: Simplygon DLL not present - disabling.
[2017.04.02-20.02.34:147][  0]LogMeshUtilities: Using SimplygonSwarm for distributed automatic mesh merging
[2017.04.02-20.02.34:147][  0]LogMeshUtilities: No automatic skeletal mesh reduction module available
[2017.04.02-20.02.34:147][  0]LogMeshUtilities: No automatic mesh merging module available
[2017.04.02-20.02.34:576][  0]LogNetVersion: GetLocalNetworkVersion: CL: 3299760, ProjectName: hp1, ProjectVersion: , EngineNetworkVersion: 2, GameNetworkVersion: 0, NetworkChecksum: 3358985595
[2017.04.02-20.02.34:617][  0]LogAssetRegistry: FAssetRegistry took 0.0223 seconds to start up
[2017.04.02-20.02.34:651][  0]LogPackageLocalizationCache: Processed 3 localized package path(s) for 2 prioritized culture(s) in 0.019199 seconds
[2017.04.02-20.02.34:655][  0]LogUObjectArray: 32493 objects as part of root set at end of initial load.
[2017.04.02-20.02.34:655][  0]LogUObjectAllocator: 7077024 out of 0 bytes used by permanent object pool.
[2017.04.02-20.02.34:655][  0]LogUObjectArray: CloseDisregardForGC: 0/0 objects in disregard for GC pool
[2017.04.02-20.02.34:700][  0]LogInit: WinSock: version 1.1 (2.2), MaxSocks=32767, MaxUdp=65467
[2017.04.02-20.02.36:754][  0]LogTcpMessaging: Initializing TcpMessaging bridge
[2017.04.02-20.02.36:785][  0]LogUdpMessaging: Initializing bridge on interface 0.0.0.0:0 to multicast group 230.0.0.1:6666.
[2017.04.02-20.02.37:466][  0]LogMaterial: Uniform references updated for custom material expression Custom.
[2017.04.02-20.02.37:737][  0]SourceControl: Info Source control is disabled
[2017.04.02-20.02.37:863][  0]SourceControl: Info Source control is disabled
[2017.04.02-20.02.37:898][  0]SourceControl: Info Source control is disabled
[2017.04.02-20.02.37:931][  0]SourceControl: Info Source control is disabled
[2017.04.02-20.02.38:854][  0]LogEngine: Initializing Engine...
[2017.04.02-20.02.38:854][  0]LogHMD: Failed to initialize OpenVR with code 110
[2017.04.02-20.02.39:101][  0]LogAIModule: Creating AISystem for world Untitled
[2017.04.02-20.02.39:111][  0]LogInit: XAudio2 using 'Speakers (Realtek High Definition Audio)' : 2 channels at 48 kHz using 32 bits per sample (channel mask 0x3)
[2017.04.02-20.02.39:161][  0]LogInit: FAudioDevice initialized.
[2017.04.02-20.02.39:180][  0]LogDerivedDataCache: Saved boot cache 0.02s 51MB C:/Users/Teeling/AppData/Local/UnrealEngine/4.15/DerivedDataCache/Boot.ddc.
[2017.04.02-20.02.39:184][  0]LogInit: Texture streaming: Enabled
[2017.04.02-20.02.39:254][  0]LogEngineSessionManager: EngineSessionManager initialized
[2017.04.02-20.02.39:255][  0]LogEngineSessionManager: EngineSessionManager sent abnormal shutdown report. Type=AbnormalShutdown, SessionId={DFEFEC6D-48BA-67A1-833C-869730A4C250}
[2017.04.02-20.02.39:328][  0]LogInit: Transaction tracking system initialized
[2017.04.02-20.02.39:601][  0]BlueprintLog: New page: Editor Load
[2017.04.02-20.02.40:296][  0]LocalizationService: Info Localization service is disabled
[2017.04.02-20.02.40:793][  0]LogConsoleResponse:Display: 
[2017.04.02-20.02.41:042][  0]LogCook:Display: Max memory allowance for cook 16384mb min free memory 0mb
[2017.04.02-20.02.41:042][  0]LogCook:Display: Mobile HDR setting 1
[2017.04.02-20.02.41:612][  0]LogFileCache: Scanning file cache for directory 'D:/UnrealProjects/HPProject/Content/' took 0.01s
[2017.04.02-20.02.41:833][  0]SourceControl: Info Source control is disabled
[2017.04.02-20.02.41:834][  0]Cmd: MAP LOAD FILE="D:/UnrealProjects/HPProject/Content/Levels/TestBed.umap" TEMPLATE=0 SHOWPROGRESS=1 FEATURELEVEL=3
[2017.04.02-20.02.41:834][  0]LightingResults: New page: Lighting Build
[2017.04.02-20.02.41:862][  0]MapCheck: New page: Map Check
[2017.04.02-20.02.41:862][  0]LightingResults: New page: Lighting Build
[2017.04.02-20.02.42:064][  0]LogAIModule: Creating AISystem for world TestBed
[2017.04.02-20.02.42:085][  0]LogEditorServer: Finished looking for orphan Actors (0.000 secs)
[2017.04.02-20.02.42:085][  0]Cmd: MAP CHECKDEP NOCLEARLOG
[2017.04.02-20.02.42:116][  0]MapCheck: Info Map check complete: 0 Error(s), 0 Warning(s), took 31.127ms to complete.
[2017.04.02-20.02.42:116][  0]LogFileHelpers: Loading map 'TestBed' took 0.283
[2017.04.02-20.02.42:176][  0]LogWindowsTextInputMethodSystem:Display: IME system now deactivated.
[2017.04.02-20.02.42:275][  0]LogCollectionManager: Loaded 0 collections in 0.001062 seconds
[2017.04.02-20.02.42:338][  0]LogFileCache: Scanning file cache for directory 'D:/UnrealProjects/HPProject/Saved/Collections/' took 0.01s
[2017.04.02-20.02.42:338][  0]LogFileCache: Scanning file cache for directory 'D:/UnrealProjects/HPProject/Content/Developers/Teeling/Collections/' took 0.01s
[2017.04.02-20.02.42:338][  0]LogFileCache: Scanning file cache for directory 'D:/UnrealProjects/HPProject/Content/Collections/' took 0.01s
[2017.04.02-20.02.42:338][  0]LogCollectionManager: Rebuilt the GUID cache for 0 collections in 0.000001 seconds
[2017.04.02-20.02.42:345][  0]LogContentBrowser: Native class hierarchy populated in 0.0066 seconds. Added 2247 classes and 455 folders.
[2017.04.02-20.02.42:347][  0]LogStats: UGameplayTagsManager::ConstructGameplayTagTree: Construct from data asset -  0.000 s
[2017.04.02-20.02.42:347][  0]LogStats: UGameplayTagsManager::ConstructGameplayTagTree: GameplayTagTreeChangedEvent.Broadcast -  0.000 s
[2017.04.02-20.02.42:389][  0]LogContentBrowser: Native class hierarchy updated for 'WidgetCarousel' in 0.0007 seconds. Added 0 classes and 0 folders.
[2017.04.02-20.02.42:617][  0]LogContentBrowser: Native class hierarchy updated for 'AddContentDialog' in 0.0007 seconds. Added 0 classes and 0 folders.
[2017.04.02-20.02.42:653][  0]LogContentBrowser: Native class hierarchy updated for 'SceneOutliner' in 0.0008 seconds. Added 1 classes and 2 folders.
[2017.04.02-20.02.42:731][  0]LogCrashTracker: Crashtracker disabled due to settings.
[2017.04.02-20.02.42:736][  0]LogUObjectGlobals:Warning: Failed to find object 'Class None.'
[2017.04.02-20.02.42:788][  0]LogContentBrowser: Native class hierarchy updated for 'HierarchicalLODOutliner' in 0.0008 seconds. Added 1 classes and 2 folders.
[2017.04.02-20.02.42:788][  0]LogLoad: (Engine Initialization) Total time: 17.70 seconds
[2017.04.02-20.02.42:788][  0]LogLoad: (Engine Initialization) Total Blueprint compile time: 0.10 seconds
[2017.04.02-20.02.42:788][  0]LogExternalProfiler: Found external profiler: VSPerf
[2017.04.02-20.02.42:788][  0]LogExternalProfiler: Using external profiler: VSPerf
[2017.04.02-20.02.42:797][  0]LogOcInput: OculusInput pre-init called
[2017.04.02-20.02.42:812][  0]LogAssetRegistry: Asset discovery search completed in 8.2170 seconds
[2017.04.02-20.02.42:812][  0]LogCollectionManager: Rebuilt the object cache for 0 collections in 0.000003 seconds (found 0 objects)
[2017.04.02-20.02.42:812][  0]LogCollectionManager: Fixed up redirectors for 0 collections in 0.000012 seconds (updated 0 objects)
[2017.04.02-20.02.42:816][  0]LogContentStreaming: Texture pool size now 1000 MB
[2017.04.02-20.02.42:827][  0]LogSlate: Took 0.003803 seconds to synchronously load lazily loaded font '../../../Engine/Content/Slate/Fonts/Roboto-Regular.ttf' (155K)
[2017.04.02-20.02.42:833][  0]LogSlate: Took 0.003810 seconds to synchronously load lazily loaded font '../../../Engine/Content/Slate/Fonts/Roboto-Bold.ttf' (160K)
[2017.04.02-20.02.42:841][  0]LogSlate: Took 0.004021 seconds to synchronously load lazily loaded font '../../../Engine/Content/Editor/Slate/Fonts/FontAwesome.ttf' (139K)
[2017.04.02-20.02.42:979][  0]LogSlate: Took 0.003762 seconds to synchronously load lazily loaded font '../../../Engine/Content/Slate/Fonts/Roboto-Light.ttf' (159K)
[2017.04.02-20.02.43:040][  0]LogRenderer: Reallocating scene render targets to support 1208x576 NumSamples 1 (Frame:2).
[2017.04.02-20.02.48:030][509]LogEditorViewport: Clicking on Actor (LMB): PlayerStart (PlayerStart)
[2017.04.02-20.02.51:759][925]LogNavigationPoint: PostEditMove Clear paths rebuilt
[2017.04.02-20.02.53:182][ 95]LogNavigationPoint: PostEditMove Clear paths rebuilt
[2017.04.02-20.02.53:809][169]LogNavigationPoint: PostEditMove Clear paths rebuilt
[2017.04.02-20.02.55:872][404]LogEditorViewport: Clicking on Actor (LMB): StaticMeshActor (Wall2)
[2017.04.02-20.02.56:747][501]LogEditorViewport: Clicking on Actor (LMB): StaticMeshActor (collumn4)
[2017.04.02-20.02.57:420][577]LogEditorViewport: Clicking on Actor (LMB): PlayerStart (PlayerStart)
[2017.04.02-20.02.58:966][759]LogNavigationPoint: PostEditMove Clear paths rebuilt
[2017.04.02-20.03.00:033][886]LogNavigationPoint: PostEditMove Clear paths rebuilt
[2017.04.02-20.03.09:420][  9]LogNavigationPoint: PostEditMove Clear paths rebuilt
[2017.04.02-20.03.15:855][751]LogNavigationPoint: PostEditMove Clear paths rebuilt
[2017.04.02-20.03.20:435][296]LogNavigationPoint: PostEditMove Clear paths rebuilt
[2017.04.02-20.03.21:793][458]LogNavigationPoint: PostEditMove Clear paths rebuilt
[2017.04.02-20.03.22:834][582]LogNavigationPoint: PostEditMove Clear paths rebuilt
[2017.04.02-20.03.32:498][681]LogEditorFactories: Performing atomic reimport of [D:/3DSMaxProjects/scenes/HPHOG/WallDoor.FBX]
[2017.04.02-20.03.32:500][681]LogSlate: Took 0.000103 seconds to synchronously load lazily loaded font '../../../Engine/Content/Slate/Fonts/Roboto-Light.ttf' (159K)
[2017.04.02-20.03.32:513][681]LogFbx: Loading FBX Scene from D:/3DSMaxProjects/scenes/HPHOG/WallDoor.FBX
[2017.04.02-20.03.32:524][681]LogFbx: FBX Scene Loaded Succesfully
[2017.04.02-20.03.32:531][681]LogStaticMesh: Building static mesh WallDoor...
[2017.04.02-20.03.32:534][681]LogStaticMesh: Built static mesh [0.00s] /Game/ShapeBlocks/WallDoor.WallDoor
[2017.04.02-20.03.32:540][681]LogEditorFactories: -- imported successfully
[2017.04.02-20.03.32:541][681]FBXImport:Warning: Warning No smoothing group information was found in this FBX scene.  Please make sure to enable the 'Export Smoothing Groups' option in the FBX Exporter plug-in before exporting the file.  Even for tools that don't support smoothing groups, the FBX Exporter will generate appropriate smoothing data at export-time so that correct vertex normals can be inferred while importing. 
[2017.04.02-20.03.32:550][681]LogSlate: Took 0.000140 seconds to synchronously load lazily loaded font '../../../Engine/Content/Slate/Fonts/Roboto-Light.ttf' (159K)
[2017.04.02-20.03.34:432][848]LogRenderer: Reallocating scene render targets to support 1432x924 NumSamples 1 (Frame:6496).
[2017.04.02-20.05.07:598][950]Cmd: OBJ SAVEPACKAGE PACKAGE="/Game/ShapeBlocks/WallDoor" FILE="D:/UnrealProjects/HPProject/Content/ShapeBlocks/WallDoor.uasset" SILENT=true
[2017.04.02-20.05.07:631][950]LogSavePackage: Save=26.24ms
[2017.04.02-20.05.07:631][950]LogSavePackage: Moving 'D:/UnrealProjects/HPProject/Saved/WallDoorA52385B94C64D0D8E9FC058B5EF50160.tmp' to 'D:/UnrealProjects/HPProject/Content/ShapeBlocks/WallDoor.uasset'
[2017.04.02-20.05.07:634][950]LogSavePackage:Display: Finished SavePackage D:/UnrealProjects/HPProject/Content/ShapeBlocks/WallDoor.uasset
[2017.04.02-20.05.10:537][282]LogActorFactory: Actor Factory created WallDoor
[2017.04.02-20.05.12:862][548]LogActorFactory: Actor Factory created WallDoor
[2017.04.02-20.05.20:456][453]Cmd: DELETE
[2017.04.02-20.05.20:456][453]Cmd: ACTOR DELETE
[2017.04.02-20.05.20:457][453]LogEditorActor: Deleted Actor: StaticMeshActor
[2017.04.02-20.05.20:472][453]LogEditorActor: Deleted 1 Actors (0.016 secs)
[2017.04.02-20.05.21:182][538]LogActorFactory: Actor Factory created WallDoor
[2017.04.02-20.05.23:015][755]LogActorFactory: Actor Factory created WallDoor
[2017.04.02-20.06.22:903][931]LogTemp: Repeting last play command: Selected Viewport
[2017.04.02-20.06.22:912][931]LogPlayLevel: PlayLevel: No blueprints needed recompiling
[2017.04.02-20.06.22:912][931]PIE: New page: PIE session: TestBed (2 Apr 2017 22:06:22)
[2017.04.02-20.06.22:912][931]LogPlayLevel: Creating play world package: /Game/Levels/UEDPIE_0_TestBed
[2017.04.02-20.06.22:913][931]LogPlayLevel: PIE: StaticDuplicateObject took: (0.001076s)
[2017.04.02-20.06.22:914][931]LogAIModule: Creating AISystem for world TestBed
[2017.04.02-20.06.22:914][931]LogPlayLevel: PIE: World Init took: (0.000591s)
[2017.04.02-20.06.22:914][931]LogPlayLevel: PIE: Created PIE world by copying editor world from /Game/Levels/TestBed.TestBed to /Game/Levels/UEDPIE_0_TestBed.TestBed (0.001848s)
[2017.04.02-20.06.22:929][931]LogInit: XAudio2 using 'Speakers (Realtek High Definition Audio)' : 2 channels at 48 kHz using 32 bits per sample (channel mask 0x3)
[2017.04.02-20.06.22:948][931]LogInit: FAudioDevice initialized.
[2017.04.02-20.06.22:995][931]LogLoad: Game class is 'HP1GameMode'
[2017.04.02-20.06.22:996][931]LogWorld: Bringing World /Game/Levels/UEDPIE_0_TestBed.TestBed up for play (max tick rate 0) at 2017.04.02-21.06.22
[2017.04.02-20.06.22:996][931]LogWorld: Bringing up level for play took: 0.000795
[2017.04.02-20.06.23:026][931]LogContentBrowser: Native class hierarchy updated for 'MovieSceneCapture' in 0.0008 seconds. Added 11 classes and 0 folders.
[2017.04.02-20.06.23:028][931]PIE: Info Play in editor start time for /Game/Levels/UEDPIE_0_TestBed -0.536
[2017.04.02-20.06.32:518][ 54]Cmd: CAMERA ALIGN ACTIVEVIEWPORTONLY
[2017.04.02-20.06.33:500][170]LogEditorViewport: Clicking on Actor (LMB): StaticMeshActor (floor3)
[2017.04.02-20.06.43:897][391]LogEditorViewport: Clicking on Actor (LMB): StaticMeshActor (Wall)
[2017.04.02-20.06.50:649][183]LogEditorViewport: Clicking on Actor (LMB): StaticMeshActor (Wall)
[2017.04.02-20.06.51:891][327]LogEditorViewport: Clicking on Actor (LMB): StaticMeshActor (collumn4)
[2017.04.02-20.06.58:985][160]LogTemp: Repeting last play command: Selected Viewport
[2017.04.02-20.06.58:993][160]LogPlayLevel: PlayLevel: No blueprints needed recompiling
[2017.04.02-20.06.58:993][160]PIE: New page: PIE session: TestBed (2 Apr 2017 22:06:58)
[2017.04.02-20.06.58:993][160]LogPlayLevel: Creating play world package: /Game/Levels/UEDPIE_0_TestBed
[2017.04.02-20.06.58:995][160]LogPlayLevel: PIE: StaticDuplicateObject took: (0.001152s)
[2017.04.02-20.06.58:995][160]LogAIModule: Creating AISystem for world TestBed
[2017.04.02-20.06.58:995][160]LogPlayLevel: PIE: World Init took: (0.000443s)
[2017.04.02-20.06.58:995][160]LogPlayLevel: PIE: Created PIE world by copying editor world from /Game/Levels/TestBed.TestBed to /Game/Levels/UEDPIE_0_TestBed.TestBed (0.001722s)
[2017.04.02-20.06.59:009][160]LogInit: XAudio2 using 'Speakers (Realtek High Definition Audio)' : 2 channels at 48 kHz using 32 bits per sample (channel mask 0x3)
[2017.04.02-20.06.59:027][160]LogInit: FAudioDevice initialized.
[2017.04.02-20.06.59:055][160]LogLoad: Game class is 'HP1GameMode'
[2017.04.02-20.06.59:056][160]LogWorld: Bringing World /Game/Levels/UEDPIE_0_TestBed.TestBed up for play (max tick rate 0) at 2017.04.02-21.06.59
[2017.04.02-20.06.59:056][160]LogWorld: Bringing up level for play took: 0.000804
[2017.04.02-20.06.59:064][160]PIE: Info Play in editor start time for /Game/Levels/UEDPIE_0_TestBed -0.5
[2017.04.02-20.07.33:882][325]Cmd: CAMERA ALIGN ACTIVEVIEWPORTONLY
[2017.04.02-20.07.52:164][516]LogEditorViewport: Clicking on Actor (CTRL LMB): StaticMeshActor (Wall4)
[2017.04.02-20.07.54:116][745]LogEditorViewport: Clicking on Actor (CTRL LMB): StaticMeshActor (Wall3)
[2017.04.02-20.07.54:738][815]LogEditorViewport: Clicking on Actor (CTRL LMB): StaticMeshActor (floor5)
[2017.04.02-20.07.55:369][886]LogEditorViewport: Clicking on Actor (CTRL LMB): StaticMeshActor (floor6)
[2017.04.02-20.07.56:601][ 29]LogEditorViewport: Clicking on Actor (CTRL LMB): StaticMeshActor (collumn5)
[2017.04.02-20.08.28:466][839]LogEditorViewport: Clicking on Actor (LMB): BP_Sky_Sphere_C (BP_Sky_Sphere)
[2017.04.02-20.08.29:608][972]LogEditorViewport: Clicking on Actor (context menu): StaticMeshActor (floor5)
[2017.04.02-20.08.31:326][169]LogTemp: Repeting last play command: Selected Viewport
[2017.04.02-20.08.31:334][169]LogPlayLevel: PlayLevel: No blueprints needed recompiling
[2017.04.02-20.08.31:334][169]PIE: New page: PIE session: TestBed (2 Apr 2017 22:08:31)
[2017.04.02-20.08.31:334][169]LogPlayLevel: Creating play world package: /Game/Levels/UEDPIE_0_TestBed
[2017.04.02-20.08.31:335][169]LogPlayLevel: PIE: StaticDuplicateObject took: (0.001051s)
[2017.04.02-20.08.31:335][169]LogAIModule: Creating AISystem for world TestBed
[2017.04.02-20.08.31:336][169]LogPlayLevel: PIE: World Init took: (0.000407s)
[2017.04.02-20.08.31:336][169]LogPlayLevel: PIE: Created PIE world by copying editor world from /Game/Levels/TestBed.TestBed to /Game/Levels/UEDPIE_0_TestBed.TestBed (0.001598s)
[2017.04.02-20.08.31:348][169]LogInit: XAudio2 using 'Speakers (Realtek High Definition Audio)' : 2 channels at 48 kHz using 32 bits per sample (channel mask 0x3)
[2017.04.02-20.08.31:366][169]LogInit: FAudioDevice initialized.
[2017.04.02-20.08.31:395][169]LogLoad: Game class is 'HP1GameMode'
[2017.04.02-20.08.31:397][169]LogWorld: Bringing World /Game/Levels/UEDPIE_0_TestBed.TestBed up for play (max tick rate 0) at 2017.04.02-21.08.31
[2017.04.02-20.08.31:397][169]LogWorld: Bringing up level for play took: 0.001093
[2017.04.02-20.08.31:398][169]PIE: Info Play in editor start time for /Game/Levels/UEDPIE_0_TestBed -0.166
[2017.04.02-20.08.55:617][ 56]LogEditorViewport: Clicking on Actor (LMB): StaticMeshActor (Wall4)
[2017.04.02-20.09.20:163][948]LogEditorViewport: Clicking on Actor (LMB): StaticMeshActor (floor6)
[2017.04.02-20.09.30:591][164]LogEditorViewport: Clicking on Actor (LMB): StaticMeshActor (collumn5)
[2017.04.02-20.09.42:621][572]LogEditorViewport: Clicking on Actor (LMB): StaticMeshActor (WallDoor)
[2017.04.02-20.09.50:272][475]LogEditorViewport: Clicking on Actor (LMB): StaticMeshActor (Wall6)
[2017.04.02-20.09.51:286][592]Cmd: DELETE
[2017.04.02-20.09.51:286][592]Cmd: ACTOR DELETE
[2017.04.02-20.09.51:287][592]LogEditorActor: Deleted Actor: StaticMeshActor
[2017.04.02-20.09.51:293][592]LogEditorActor: Deleted 1 Actors (0.006 secs)
[2017.04.02-20.09.55:322][ 73]LogEditorViewport: Clicking on Actor (LMB): StaticMeshActor (WallDoor2)
[2017.04.02-20.10.28:322][  3]LogTemp: Repeting last play command: Selected Viewport
[2017.04.02-20.10.28:330][  3]LogPlayLevel: PlayLevel: No blueprints needed recompiling
[2017.04.02-20.10.28:330][  3]PIE: New page: PIE session: TestBed (2 Apr 2017 22:10:28)
[2017.04.02-20.10.28:330][  3]LogPlayLevel: Creating play world package: /Game/Levels/UEDPIE_0_TestBed
[2017.04.02-20.10.28:332][  3]LogPlayLevel: PIE: StaticDuplicateObject took: (0.001334s)
[2017.04.02-20.10.28:332][  3]LogAIModule: Creating AISystem for world TestBed
[2017.04.02-20.10.28:332][  3]LogPlayLevel: PIE: World Init took: (0.000455s)
[2017.04.02-20.10.28:332][  3]LogPlayLevel: PIE: Created PIE world by copying editor world from /Game/Levels/TestBed.TestBed to /Game/Levels/UEDPIE_0_TestBed.TestBed (0.001919s)
[2017.04.02-20.10.28:346][  3]LogInit: XAudio2 using 'Speakers (Realtek High Definition Audio)' : 2 channels at 48 kHz using 32 bits per sample (channel mask 0x3)
[2017.04.02-20.10.28:365][  3]LogInit: FAudioDevice initialized.
[2017.04.02-20.10.28:390][  3]LogLoad: Game class is 'HP1GameMode'
[2017.04.02-20.10.28:392][  3]LogWorld: Bringing World /Game/Levels/UEDPIE_0_TestBed.TestBed up for play (max tick rate 0) at 2017.04.02-21.10.28
[2017.04.02-20.10.28:392][  3]LogWorld: Bringing up level for play took: 0.001020
[2017.04.02-20.10.28:393][  3]PIE: Info Play in editor start time for /Game/Levels/UEDPIE_0_TestBed 0.829
[2017.04.02-20.11.28:968][251]Cmd: OBJ SAVEPACKAGE PACKAGE="/Game/Levels/TestBed" FILE="D:/UnrealProjects/HPProject/Content/Levels/TestBed.umap" SILENT=true AUTOSAVING=false KEEPDIRTY=false
[2017.04.02-20.11.29:007][251]LogSavePackage: Save=27.07ms
[2017.04.02-20.11.29:007][251]LogSavePackage: Moving 'D:/UnrealProjects/HPProject/Saved/TestBedC12938724B8526EEFBAE839D2C8211E3.tmp' to 'D:/UnrealProjects/HPProject/Content/Levels/TestBed.umap'
[2017.04.02-20.11.29:007][251]LogSavePackage:Display: Finished SavePackage D:/UnrealProjects/HPProject/Content/Levels/TestBed.umap
[2017.04.02-20.11.29:024][251]LogFileHelpers: Saving map 'TestBed' took 0.087
[2017.04.02-20.12.31:105][671]Cmd: QUIT_EDITOR
[2017.04.02-20.12.31:910][671]LogWindowsTextInputMethodSystem:Display: IME system now deactivated.
[2017.04.02-20.12.31:929][671]LogExit: Preparing to exit.
[2017.04.02-20.12.33:032][671]LogExit: Editor shut down
[2017.04.02-20.12.33:032][671]LogExit: Transaction tracking system shut down
[2017.04.02-20.12.33:121][671]LogObj: Freed 0b from 0 cluster array pools.
[2017.04.02-20.12.33:121][671]LogExit: Object subsystem successfully closed.
[2017.04.02-20.12.33:145][671]LogD3D11RHI: Shutdown
[2017.04.02-20.12.33:145][671]LogD3D11RHI: CleanupD3DDevice
[2017.04.02-20.12.33:218][671]LogD3D11RHI: ~FD3D11DynamicRHI
[2017.04.02-20.12.33:250][671]LogModuleManager: Shutting down and abandoning module MovieSceneCapture (504)
[2017.04.02-20.12.33:250][671]LogModuleManager: Shutting down and abandoning module StaticMeshEditor (502)
[2017.04.02-20.12.33:250][671]LogModuleManager: Shutting down and abandoning module HierarchicalLODOutliner (500)
[2017.04.02-20.12.33:251][671]LogModuleManager: Shutting down and abandoning module CrashTracker (498)
[2017.04.02-20.12.33:251][671]LogModuleManager: Shutting down and abandoning module SceneOutliner (496)
[2017.04.02-20.12.33:251][671]LogModuleManager: Shutting down and abandoning module AddContentDialog (494)
[2017.04.02-20.12.33:251][671]LogDirectoryWatcher: A directory notification for 'C:/Program Files/Epic Games/UE_4.15/FeaturePacks/' was aborted.
[2017.04.02-20.12.33:252][671]LogModuleManager: Shutting down and abandoning module WidgetCarousel (493)
[2017.04.02-20.12.33:252][671]LogModuleManager: Shutting down and abandoning module EditorWidgets (490)
[2017.04.02-20.12.33:252][671]LogModuleManager: Shutting down and abandoning module CollectionManager (488)
[2017.04.02-20.12.33:253][671]LogDirectoryWatcher: A directory notification for 'D:/UnrealProjects/HPProject/Content/Collections/' was aborted.
[2017.04.02-20.12.33:253][671]LogDirectoryWatcher: A directory notification for 'D:/UnrealProjects/HPProject/Content/Developers/Teeling/Collections/' was aborted.
[2017.04.02-20.12.33:253][671]LogDirectoryWatcher: A directory notification for 'D:/UnrealProjects/HPProject/Saved/Collections/' was aborted.
[2017.04.02-20.12.33:253][671]LogModuleManager: Shutting down and abandoning module StatsViewer (486)
[2017.04.02-20.12.33:253][671]LogModuleManager: Shutting down and abandoning module FoliageEdit (484)
[2017.04.02-20.12.33:253][671]LogModuleManager: Shutting down and abandoning module LandscapeEditor (482)
[2017.04.02-20.12.33:254][671]LogModuleManager: Shutting down and abandoning module SceneDepthPickerMode (480)
[2017.04.02-20.12.33:254][671]LogModuleManager: Shutting down and abandoning module ActorPickerMode (478)
[2017.04.02-20.12.33:254][671]LogModuleManager: Shutting down and abandoning module GeometryMode (476)
[2017.04.02-20.12.33:254][671]LogModuleManager: Shutting down and abandoning module TextureAlignMode (474)
[2017.04.02-20.12.33:254][671]LogModuleManager: Shutting down and abandoning module BspMode (472)
[2017.04.02-20.12.33:254][671]LogModuleManager: Shutting down and abandoning module HardwareSurvey (470)
[2017.04.02-20.12.33:254][671]LogModuleManager: Shutting down and abandoning module SequenceRecorderSections (468)
[2017.04.02-20.12.33:254][671]LogModuleManager: Shutting down and abandoning module AutomationWorker (466)
[2017.04.02-20.12.33:255][671]LogModuleManager: Shutting down and abandoning module MatineeToLevelSequence (464)
[2017.04.02-20.12.33:255][671]LogModuleManager: Shutting down and abandoning module LevelSequenceEditor (462)
[2017.04.02-20.12.33:256][671]LogModuleManager: Shutting down and abandoning module PlacementMode (461)
[2017.04.02-20.12.33:256][671]LogModuleManager: Shutting down and abandoning module WmfMediaFactory (458)
[2017.04.02-20.12.33:256][671]LogModuleManager: Shutting down and abandoning module WmfMediaEditor (456)
[2017.04.02-20.12.33:256][671]LogModuleManager: Shutting down and abandoning module MfMediaFactory (454)
[2017.04.02-20.12.33:256][671]LogModuleManager: Shutting down and abandoning module MfMediaEditor (452)
[2017.04.02-20.12.33:256][671]LogModuleManager: Shutting down and abandoning module AvfMediaFactory (450)
[2017.04.02-20.12.33:256][671]LogModuleManager: Shutting down and abandoning module AvfMediaEditor (448)
[2017.04.02-20.12.33:256][671]LogModuleManager: Shutting down and abandoning module AndroidMediaFactory (446)
[2017.04.02-20.12.33:256][671]LogModuleManager: Shutting down and abandoning module Media (445)
[2017.04.02-20.12.33:256][671]LogModuleManager: Shutting down and abandoning module AndroidMediaEditor (442)
[2017.04.02-20.12.33:256][671]LogModuleManager: Shutting down and abandoning module CharacterAI (440)
[2017.04.02-20.12.33:256][671]LogModuleManager: Shutting down and abandoning module AudioCapture (438)
[2017.04.02-20.12.33:256][671]LogModuleManager: Shutting down and abandoning module SequenceRecorder (437)
[2017.04.02-20.12.33:257][671]LogModuleManager: Shutting down and abandoning module SmartSnapping (434)
[2017.04.02-20.12.33:257][671]LogModuleManager: Shutting down and abandoning module SessionServices (432)
[2017.04.02-20.12.33:257][671]LogModuleManager: Shutting down and abandoning module ViewportSnapping (430)
[2017.04.02-20.12.33:257][671]LogModuleManager: Shutting down and abandoning module ViewportInteraction (428)
[2017.04.02-20.12.33:257][671]LogModuleManager: Shutting down and abandoning module LogVisualizer (426)
[2017.04.02-20.12.33:259][671]LogModuleManager: Shutting down and abandoning module IntroTutorials (424)
[2017.04.02-20.12.33:259][671]LogModuleManager: Shutting down and abandoning module GameProjectGeneration (423)
[2017.04.02-20.12.33:260][671]LogModuleManager: Shutting down and abandoning module EditorLiveStreaming (420)
[2017.04.02-20.12.33:260][671]LogModuleManager: Shutting down and abandoning module IOSPlatformEditor (418)
[2017.04.02-20.12.33:260][671]LogModuleManager: Shutting down and abandoning module HTML5PlatformEditor (416)
[2017.04.02-20.12.33:260][671]LogModuleManager: Shutting down and abandoning module AndroidPlatformEditor (414)
[2017.04.02-20.12.33:260][671]LogModuleManager: Shutting down and abandoning module AndroidDeviceDetection (413)
[2017.04.02-20.12.33:673][671]LogModuleManager: Shutting down and abandoning module IOSRuntimeSettings (410)
[2017.04.02-20.12.33:673][671]LogModuleManager: Shutting down and abandoning module AndroidRuntimeSettings (408)
[2017.04.02-20.12.33:673][671]LogModuleManager: Shutting down and abandoning module InputBindingEditor (406)
[2017.04.02-20.12.33:679][671]LogModuleManager: Shutting down and abandoning module NiagaraEditor (404)
[2017.04.02-20.12.33:681][671]LogModuleManager: Shutting down and abandoning module MergeActors (402)
[2017.04.02-20.12.33:682][671]LogModuleManager: Shutting down and abandoning module SizeMap (400)
[2017.04.02-20.12.33:682][671]LogModuleManager: Shutting down and abandoning module TreeMap (398)
[2017.04.02-20.12.33:682][671]LogModuleManager: Shutting down and abandoning module ReferenceViewer (396)
[2017.04.02-20.12.33:682][671]LogModuleManager: Shutting down and abandoning module LocalizationDashboard (394)
[2017.04.02-20.12.33:683][671]LogModuleManager: Shutting down and abandoning module LocalizationService (393)
[2017.04.02-20.12.33:683][671]LogModuleManager: Shutting down and abandoning module HardwareTargeting (390)
[2017.04.02-20.12.33:684][671]LogModuleManager: Shutting down and abandoning module DeviceProfileEditor (388)
[2017.04.02-20.12.33:684][671]LogModuleManager: Shutting down and abandoning module UndoHistory (386)
[2017.04.02-20.12.33:684][671]LogModuleManager: Shutting down and abandoning module UserFeedback (384)
[2017.04.02-20.12.33:684][671]LogModuleManager: Shutting down and abandoning module XmlParser (382)
[2017.04.02-20.12.33:684][671]LogModuleManager: Shutting down and abandoning module Blutility (380)
[2017.04.02-20.12.33:684][671]LogModuleManager: Shutting down and abandoning module ProjectSettingsViewer (378)
[2017.04.02-20.12.33:685][671]LogModuleManager: Shutting down and abandoning module ProjectTargetPlatformEditor (377)
[2017.04.02-20.12.33:685][671]LogModuleManager: Shutting down and abandoning module EditorSettingsViewer (374)
[2017.04.02-20.12.33:685][671]LogModuleManager: Shutting down and abandoning module SettingsEditor (372)
[2017.04.02-20.12.33:686][671]LogModuleManager: Shutting down and abandoning module ProjectLauncher (370)
[2017.04.02-20.12.33:686][671]LogModuleManager: Shutting down and abandoning module SessionFrontend (368)
[2017.04.02-20.12.33:687][671]LogModuleManager: Shutting down and abandoning module ProfilerClient (366)
[2017.04.02-20.12.33:687][671]LogModuleManager: Shutting down and abandoning module DeviceManager (364)
[2017.04.02-20.12.33:688][671]LogModuleManager: Shutting down and abandoning module TargetDeviceServices (363)
[2017.04.02-20.12.33:731][671]LogModuleManager: Shutting down and abandoning module AutomationController (360)
[2017.04.02-20.12.33:731][671]LogModuleManager: Shutting down and abandoning module AutomationWindow (358)
[2017.04.02-20.12.33:732][671]LogModuleManager: Shutting down and abandoning module Layers (356)
[2017.04.02-20.12.33:734][671]LogModuleManager: Shutting down and abandoning module ComponentVisualizers (354)
[2017.04.02-20.12.33:734][671]LogModuleManager: Shutting down and abandoning module DetailCustomizations (352)
[2017.04.02-20.12.33:734][671]LogModuleManager: Shutting down and abandoning module PackagesDialog (350)
[2017.04.02-20.12.33:734][671]LogModuleManager: Shutting down and abandoning module Persona (348)
[2017.04.02-20.12.33:735][671]LogModuleManager: Shutting down and abandoning module AnimGraph (347)
[2017.04.02-20.12.33:735][671]LogModuleManager: Shutting down and abandoning module Kismet (344)
[2017.04.02-20.12.33:736][671]LogModuleManager: Shutting down and abandoning module GraphEditor (342)
[2017.04.02-20.12.33:738][671]LogModuleManager: Shutting down and abandoning module ClassViewer (340)
[2017.04.02-20.12.33:738][671]LogModuleManager: Shutting down and abandoning module Toolbox (338)
[2017.04.02-20.12.33:738][671]LogModuleManager: Shutting down and abandoning module ModuleUI (336)
[2017.04.02-20.12.33:739][671]LogModuleManager: Shutting down and abandoning module MovieSceneTools (334)
[2017.04.02-20.12.33:739][671]LogModuleManager: Shutting down and abandoning module OutputLog (332)
[2017.04.02-20.12.33:740][671]LogModuleManager: Shutting down and abandoning module GammaUI (330)
[2017.04.02-20.12.33:740][671]LogModuleManager: Shutting down and abandoning module Documentation (328)
[2017.04.02-20.12.33:740][671]LogModuleManager: Shutting down and abandoning module Niagara (326)
[2017.04.02-20.12.33:740][671]LogModuleManager: Shutting down and abandoning module StreamingPauseRendering (324)
[2017.04.02-20.12.33:740][671]LogModuleManager: Shutting down and abandoning module AnalyticsET (322)
[2017.04.02-20.12.33:740][671]LogModuleManager: Shutting down and abandoning module PortalServices (320)
[2017.04.02-20.12.33:740][671]LogModuleManager: Shutting down and abandoning module PortalRpc (318)
[2017.04.02-20.12.33:740][671]LogModuleManager: Shutting down and abandoning module MessagingRpc (316)
[2017.04.02-20.12.33:740][671]LogModuleManager: Shutting down and abandoning module AIModule (314)
[2017.04.02-20.12.33:740][671]LogModuleManager: Shutting down and abandoning module GameplayDebugger (313)
[2017.04.02-20.12.33:740][671]LogModuleManager: Shutting down and abandoning module AITestSuite (311)
[2017.04.02-20.12.33:740][671]LogModuleManager: Shutting down and abandoning module ProfilerService (308)
[2017.04.02-20.12.33:745][671]LogModuleManager: Shutting down and abandoning module TaskGraph (306)
[2017.04.02-20.12.33:747][671]LogModuleManager: Shutting down and abandoning module SteamVRController (304)
[2017.04.02-20.12.33:747][671]LogModuleManager: Shutting down and abandoning module SteamVR (302)
[2017.04.02-20.12.33:747][671]LogModuleManager: Shutting down and abandoning module ProceduralMeshComponentEditor (300)
[2017.04.02-20.12.33:747][671]LogModuleManager: Shutting down and abandoning module ProceduralMeshComponent (298)
[2017.04.02-20.12.33:747][671]LogModuleManager: Shutting down and abandoning module OculusLibrary (296)
[2017.04.02-20.12.33:747][671]LogModuleManager: Shutting down and abandoning module OculusInput (294)
[2017.04.02-20.12.33:747][671]LogModuleManager: Shutting down and abandoning module MobilePatchingUtils (292)
[2017.04.02-20.12.33:747][671]LogModuleManager: Shutting down and abandoning module CustomMeshComponent (290)
[2017.04.02-20.12.33:747][671]LogModuleManager: Shutting down and abandoning module CableComponent (288)
[2017.04.02-20.12.33:747][671]LogModuleManager: Shutting down and abandoning module ArchVisCharacter (286)
[2017.04.02-20.12.33:747][671]LogModuleManager: Shutting down and abandoning module MediaPlayerEditor (282)
[2017.04.02-20.12.33:749][671]LogModuleManager: Shutting down and abandoning module HTML5Networking (280)
[2017.04.02-20.12.33:749][671]LogModuleManager: Shutting down and abandoning module AlembicImporter (278)
[2017.04.02-20.12.33:749][671]LogModuleManager: Shutting down and abandoning module AlembicLibrary (277)
[2017.04.02-20.12.33:749][671]LogModuleManager: Shutting down and abandoning module GeometryCache (276)
[2017.04.02-20.12.33:749][671]LogModuleManager: Shutting down and abandoning module GeometryCacheEd (275)
[2017.04.02-20.12.33:750][671]LogModuleManager: Shutting down and abandoning module SuperSearchEditor (270)
[2017.04.02-20.12.33:750][671]LogModuleManager: Shutting down and abandoning module SuperSearch (269)
[2017.04.02-20.12.33:750][671]LogModuleManager: Shutting down and abandoning module SpeedTreeImporter (266)
[2017.04.02-20.12.33:750][671]LogModuleManager: Shutting down and abandoning module PluginBrowser (264)
[2017.04.02-20.12.33:751][671]LogModuleManager: Shutting down and abandoning module MobileLauncherProfileWizard (262)
[2017.04.02-20.12.33:752][671]LogModuleManager: Shutting down and abandoning module EpicSurvey (260)
[2017.04.02-20.12.33:752][671]LogModuleManager: Shutting down and abandoning module VisualStudioSourceCodeAccess (258)
[2017.04.02-20.12.33:752][671]LogModuleManager: Shutting down and abandoning module DesktopPlatform (257)
[2017.04.02-20.12.33:752][671]LogModuleManager: Shutting down and abandoning module UObjectPlugin (254)
[2017.04.02-20.12.33:752][671]LogModuleManager: Shutting down and abandoning module SubversionSourceControl (252)
[2017.04.02-20.12.33:753][671]LogModuleManager: Shutting down and abandoning module PerforceSourceControl (250)
[2017.04.02-20.12.33:754][671]LogModuleManager: Shutting down and abandoning module GitSourceControl (248)
[2017.04.02-20.12.33:754][671]LogModuleManager: Shutting down and abandoning module SourceControl (247)
[2017.04.02-20.12.33:754][671]LogModuleManager: Shutting down and abandoning module LightPropagationVolumeEditor (244)
[2017.04.02-20.12.33:754][671]LogModuleManager: Shutting down and abandoning module PaperTiledImporter (242)
[2017.04.02-20.12.33:754][671]LogModuleManager: Shutting down and abandoning module PaperSpriteSheetImporter (240)
[2017.04.02-20.12.33:754][671]LogModuleManager: Shutting down and abandoning module Paper2DEditor (238)
[2017.04.02-20.12.33:755][671]LogModuleManager: Shutting down and abandoning module MeshPaint (237)
[2017.04.02-20.12.33:755][671]LogModuleManager: Shutting down and abandoning module LevelEditor (235)
[2017.04.02-20.12.33:756][671]LogModuleManager: Shutting down and abandoning module PixelInspectorModule (234)
[2017.04.02-20.12.33:757][671]LogModuleManager: Shutting down and abandoning module MainFrame (232)
[2017.04.02-20.12.33:757][671]LogModuleManager: Shutting down and abandoning module HotReload (231)
[2017.04.02-20.12.33:757][671]LogDirectoryWatcher: A directory notification for 'D:/UnrealProjects/HPProject/Binaries/Win64' was aborted.
[2017.04.02-20.12.33:758][671]LogModuleManager: Shutting down and abandoning module ContentBrowser (227)
[2017.04.02-20.12.33:759][671]LogModuleManager: Shutting down and abandoning module HP1 (224)
[2017.04.02-20.12.33:759][671]LogModuleManager: Shutting down and abandoning module PhysXVehiclesEditor (222)
[2017.04.02-20.12.33:759][671]LogModuleManager: Shutting down and abandoning module PhysXVehicles (220)
[2017.04.02-20.12.33:759][671]LogModuleManager: Shutting down and abandoning module LocationServicesBPLibrary (218)
[2017.04.02-20.12.33:759][671]LogModuleManager: Shutting down and abandoning module UdpMessaging (216)
[2017.04.02-20.12.33:860][671]LogModuleManager: Shutting down and abandoning module TcpMessaging (214)
[2017.04.02-20.12.33:961][671]LogModuleManager: Shutting down and abandoning module GameplayTagsEditor (212)
[2017.04.02-20.12.33:961][671]LogModuleManager: Shutting down and abandoning module FacialAnimationEditor (210)
[2017.04.02-20.12.33:962][671]LogModuleManager: Shutting down and abandoning module FacialAnimation (208)
[2017.04.02-20.12.33:962][671]LogModuleManager: Shutting down and abandoning module LightPropagationVolumeRuntime (206)
[2017.04.02-20.12.33:962][671]LogModuleManager: Shutting down and abandoning module Paper2D (204)
[2017.04.02-20.12.33:962][671]LogModuleManager: Shutting down and abandoning module WindowsMoviePlayer (202)
[2017.04.02-20.12.33:962][671]LogModuleManager: Shutting down and abandoning module WmfMedia (200)
[2017.04.02-20.12.33:962][671]LogModuleManager: Shutting down and abandoning module MfMedia (198)
[2017.04.02-20.12.33:962][671]LogModuleManager: Shutting down and abandoning module MediaAssets (196)
[2017.04.02-20.12.33:962][671]LogModuleManager: Shutting down and abandoning module GameLiveStreaming (194)
[2017.04.02-20.12.33:962][671]LogModuleManager: Shutting down and abandoning module VREditor (192)
[2017.04.02-20.12.33:962][671]LogModuleManager: Shutting down and abandoning module GameplayTasksEditor (190)
[2017.04.02-20.12.33:962][671]LogModuleManager: Shutting down and abandoning module BehaviorTreeEditor (188)
[2017.04.02-20.12.33:964][671]LogModuleManager: Shutting down and abandoning module FunctionalTesting (186)
[2017.04.02-20.12.33:964][671]LogModuleManager: Shutting down and abandoning module CollisionAnalyzer (184)
[2017.04.02-20.12.33:965][671]LogModuleManager: Shutting down and abandoning module UMG (182)
[2017.04.02-20.12.33:966][671]LogModuleManager: Shutting down and abandoning module UMGEditor (181)
[2017.04.02-20.12.33:967][671]LogModuleManager: Shutting down and abandoning module Sequencer (180)
[2017.04.02-20.12.33:969][671]LogModuleManager: Shutting down and abandoning module AssetTools (178)
[2017.04.02-20.12.33:970][671]LogModuleManager: Shutting down and abandoning module MessageLog (177)
[2017.04.02-20.12.33:970][671]LogModuleManager: Shutting down and abandoning module WorkspaceMenuStructure (176)
[2017.04.02-20.12.33:970][671]LogModuleManager: Shutting down and abandoning module SlateReflector (170)
[2017.04.02-20.12.33:972][671]LogModuleManager: Shutting down and abandoning module Slate (168)
[2017.04.02-20.12.33:972][671]LogModuleManager: Shutting down and abandoning module EditorStyle (166)
[2017.04.02-20.12.33:974][671]LogModuleManager: Shutting down and abandoning module SourceCodeAccess (164)
[2017.04.02-20.12.33:974][671]LogModuleManager: Shutting down and abandoning module HeadMountedDisplay (162)
[2017.04.02-20.12.33:974][671]LogModuleManager: Shutting down and abandoning module XAudio2 (160)
[2017.04.02-20.12.33:974][671]LogModuleManager: Shutting down and abandoning module Networking (158)
[2017.04.02-20.12.33:974][671]LogModuleManager: Shutting down and abandoning module Core (154)
[2017.04.02-20.12.33:974][671]LogModuleManager: Shutting down and abandoning module AssetRegistry (152)
[2017.04.02-20.12.34:131][671]LogDirectoryWatcher: A directory notification for '../../../Engine/Content/' was aborted.
[2017.04.02-20.12.34:132][671]LogDirectoryWatcher: A directory notification for 'D:/UnrealProjects/HPProject/Content/' was aborted.
[2017.04.02-20.12.34:132][671]LogDirectoryWatcher: A directory notification for '../../../Engine/Plugins/2D/Paper2D/Content/' was aborted.
[2017.04.02-20.12.34:132][671]LogModuleManager: Shutting down and abandoning module DirectoryWatcher (151)
[2017.04.02-20.12.34:132][671]LogModuleManager: Shutting down and abandoning module KismetCompiler (148)
[2017.04.02-20.12.34:132][671]LogModuleManager: Shutting down and abandoning module PhysXFormats (146)
[2017.04.02-20.12.34:132][671]LogModuleManager: Shutting down and abandoning module MeshUtilities (144)
[2017.04.02-20.12.34:133][671]LogModuleManager: Shutting down and abandoning module SimplygonSwarm (143)
[2017.04.02-20.12.34:134][671]LogModuleManager: Shutting down and abandoning module SimplygonMeshReduction (141)
[2017.04.02-20.12.34:134][671]LogModuleManager: Shutting down and abandoning module QuadricMeshReduction (139)
[2017.04.02-20.12.34:134][671]LogModuleManager: Shutting down and abandoning module PropertyEditor (137)
[2017.04.02-20.12.34:134][671]LogModuleManager: Shutting down and abandoning module DerivedDataCache (134)
[2017.04.02-20.12.34:170][671]LogDerivedDataCache: Shutdown
[2017.04.02-20.12.34:170][671]LogModuleManager: Shutting down and abandoning module TargetPlatform (132)
[2017.04.02-20.12.34:170][671]LogModuleManager: Shutting down and abandoning module VulkanShaderFormat (131)
[2017.04.02-20.12.34:171][671]LogModuleManager: Shutting down and abandoning module ShaderFormatOpenGL (129)
[2017.04.02-20.12.34:171][671]LogModuleManager: Shutting down and abandoning module ShaderFormatD3D (127)
[2017.04.02-20.12.34:171][671]LogModuleManager: Shutting down and abandoning module MetalShaderFormat (125)
[2017.04.02-20.12.34:172][671]LogModuleManager: Shutting down and abandoning module TextureFormatUncompressed (123)
[2017.04.02-20.12.34:172][671]LogModuleManager: Shutting down and abandoning module TextureFormatPVR (121)
[2017.04.02-20.12.34:172][671]LogModuleManager: Shutting down and abandoning module TextureFormatDXT (119)
[2017.04.02-20.12.34:172][671]LogModuleManager: Shutting down and abandoning module TextureFormatIntelISPCTexComp (117)
[2017.04.02-20.12.34:172][671]LogModuleManager: Shutting down and abandoning module TextureFormatASTC (115)
[2017.04.02-20.12.34:172][671]LogModuleManager: Shutting down and abandoning module ImageWrapper (114)
[2017.04.02-20.12.34:172][671]LogModuleManager: Shutting down and abandoning module TextureFormatAndroid (111)
[2017.04.02-20.12.34:172][671]LogModuleManager: Shutting down and abandoning module AudioFormatOpus (109)
[2017.04.02-20.12.34:172][671]LogModuleManager: Shutting down and abandoning module AudioFormatOgg (107)
[2017.04.02-20.12.34:172][671]LogModuleManager: Shutting down and abandoning module AudioFormatADPCM (105)
[2017.04.02-20.12.34:172][671]LogModuleManager: Shutting down and abandoning module LinuxTargetPlatform (103)
[2017.04.02-20.12.34:172][671]LogModuleManager: Shutting down and abandoning module LinuxServerTargetPlatform (101)
[2017.04.02-20.12.34:173][671]LogModuleManager: Shutting down and abandoning module LinuxNoEditorTargetPlatform (99)
[2017.04.02-20.12.34:173][671]LogModuleManager: Shutting down and abandoning module LinuxClientTargetPlatform (97)
[2017.04.02-20.12.34:173][671]LogModuleManager: Shutting down and abandoning module TVOSTargetPlatform (95)
[2017.04.02-20.12.34:173][671]LogModuleManager: Shutting down and abandoning module Messaging (93)
[2017.04.02-20.12.34:173][671]LogModuleManager: Shutting down and abandoning module IOSTargetPlatform (91)
[2017.04.02-20.12.34:173][671]LogModuleManager: Shutting down and abandoning module HTML5TargetPlatform (89)
[2017.04.02-20.12.34:173][671]LogModuleManager: Shutting down and abandoning module Android_PVRTCTargetPlatform (87)
[2017.04.02-20.12.34:173][671]LogModuleManager: Shutting down and abandoning module Android_MultiTargetPlatform (85)
[2017.04.02-20.12.34:173][671]LogModuleManager: Shutting down and abandoning module Android_ETC2TargetPlatform (83)
[2017.04.02-20.12.34:173][671]LogModuleManager: Shutting down and abandoning module Android_ETC1TargetPlatform (81)
[2017.04.02-20.12.34:173][671]LogModuleManager: Shutting down and abandoning module Android_DXTTargetPlatform (79)
[2017.04.02-20.12.34:173][671]LogModuleManager: Shutting down and abandoning module Android_ATCTargetPlatform (77)
[2017.04.02-20.12.34:173][671]LogModuleManager: Shutting down and abandoning module Android_ASTCTargetPlatform (75)
[2017.04.02-20.12.34:173][671]LogModuleManager: Shutting down and abandoning module AndroidTargetPlatform (73)
[2017.04.02-20.12.34:173][671]LogModuleManager: Shutting down and abandoning module WindowsTargetPlatform (71)
[2017.04.02-20.12.34:173][671]LogModuleManager: Shutting down and abandoning module WindowsServerTargetPlatform (69)
[2017.04.02-20.12.34:173][671]LogModuleManager: Shutting down and abandoning module WindowsNoEditorTargetPlatform (67)
[2017.04.02-20.12.34:173][671]LogModuleManager: Shutting down and abandoning module WindowsClientTargetPlatform (65)
[2017.04.02-20.12.34:173][671]LogModuleManager: Shutting down and abandoning module MacTargetPlatform (63)
[2017.04.02-20.12.34:173][671]LogModuleManager: Shutting down and abandoning module MacServerTargetPlatform (61)
[2017.04.02-20.12.34:173][671]LogModuleManager: Shutting down and abandoning module MacNoEditorTargetPlatform (59)
[2017.04.02-20.12.34:173][671]LogModuleManager: Shutting down and abandoning module MacClientTargetPlatform (57)
[2017.04.02-20.12.34:173][671]LogModuleManager: Shutting down and abandoning module AllDesktopTargetPlatform (55)
[2017.04.02-20.12.34:173][671]LogModuleManager: Shutting down and abandoning module InputCore (52)
[2017.04.02-20.12.34:173][671]LogModuleManager: Shutting down and abandoning module Settings (50)
[2017.04.02-20.12.34:173][671]LogModuleManager: Shutting down and abandoning module OculusRift (48)
[2017.04.02-20.12.34:173][671]LogModuleManager: Shutting down and abandoning module GearVR (46)
[2017.04.02-20.12.34:173][671]LogModuleManager: Shutting down and abandoning module ExampleDeviceProfileSelector (44)
[2017.04.02-20.12.34:173][671]LogModuleManager: Shutting down and abandoning module OnlineBlueprintSupport (42)
[2017.04.02-20.12.34:173][671]LogModuleManager: Shutting down and abandoning module OnlineSubsystem (38)
[2017.04.02-20.12.34:173][671]LogOnline:Display: Unloading online subsystem: NULL
[2017.04.02-20.12.34:174][671]LogModuleManager: Shutting down and abandoning module XMPP (37)
[2017.04.02-20.12.34:175][671]LogModuleManager: Shutting down and abandoning module HTTP (35)
[2017.04.02-20.12.34:175][671]LogHttp:Display: Http module shutting down, but needs to wait on 1 outstanding Http requests:
[2017.04.02-20.12.34:175][671]LogHttp:Display: 	verb=[POST] url=[https://datarouter.ol.epicgames.com/datarouter/api/v1/public/data?SessionID=%7B3237E6E1-4743-6C78-8AB7-5392C2972610%7D&AppID=UEEditor.Rocket.Release&AppVersion=4.15.1-3348071%2B%2B%2BUE4%2BRelease-4.15&UserID=70592b814e3d2e9e931023a84447c97f%7Ca7c26e5ed6af4bce90acb6f2dc99c63d%7C791d8c3c-10bd-4116-9170-69f02b1dcf13&AppEnvironment=datacollector-binary&UploadType=eteventstream] status=Processing
[2017.04.02-20.12.34:178][671]LogModuleManager: Shutting down and abandoning module SSL (34)
[2017.04.02-20.12.34:179][671]LogModuleManager: Shutting down and abandoning module AudioEditor (30)
[2017.04.02-20.12.34:180][671]LogModuleManager: Shutting down and abandoning module TextureCompressor (28)
[2017.04.02-20.12.34:180][671]LogModuleManager: Shutting down and abandoning module ShaderCore (26)
[2017.04.02-20.12.34:180][671]LogModuleManager: Shutting down and abandoning module Landscape (24)
[2017.04.02-20.12.34:180][671]LogModuleManager: Shutting down and abandoning module SlateRHIRenderer (22)
[2017.04.02-20.12.34:181][671]LogModuleManager: Shutting down and abandoning module OpenGLDrv (20)
[2017.04.02-20.12.34:182][671]LogModuleManager: Shutting down and abandoning module D3D11RHI (18)
[2017.04.02-20.12.34:182][671]LogModuleManager: Shutting down and abandoning module AnimGraphRuntime (16)
[2017.04.02-20.12.34:182][671]LogModuleManager: Shutting down and abandoning module Renderer (14)
[2017.04.02-20.12.34:182][671]LogModuleManager: Shutting down and abandoning module Engine (12)
[2017.04.02-20.12.34:182][671]LogModuleManager: Shutting down and abandoning module CoreUObject (10)
[2017.04.02-20.12.34:182][671]LogModuleManager: Shutting down and abandoning module NetworkFile (8)
[2017.04.02-20.12.34:182][671]LogModuleManager: Shutting down and abandoning module StreamingFile (6)
[2017.04.02-20.12.34:182][671]LogModuleManager: Shutting down and abandoning module SandboxFile (4)
[2017.04.02-20.12.34:182][671]LogModuleManager: Shutting down and abandoning module PakFile (2)
[2017.04.02-20.12.34:184][671]LogExit: Exiting.
[2017.04.02-20.12.34:185][671]Log file closed, 04/02/17 21:12:34
